4 4
3 6
2 4
2
6 6
5 15
4 20
3 30
2 60
60
10 10
9 18
8 72
7 21
6 126
5 630
4 2520
3 315
2 630
630
100 100
99 9900
98 980
97 13580
96 1303680
95 18430
94 1732420
93 161115060
92 2470430920
91 42809212446
90 49395245130
89 78235357707
88 20711430168
87 75078934359
86 6788309724
85 48083860545
84 7044257556
83 3673373081
82 55216590920
81 17543833335
80 43506657280
79 40025901341
78 2020282758
77 1561771288
76 10790419808
75 59281480350
74 48742550510
73 54206162702
72 14843687328
71 60737724539
70 51640688330
69 26029638729
68 2015421196
67 1033219194
66 11365411134
65 23751718705
64 48021997632
63 57742902
62 3580059924
61 35383654083
60 23019230280
59 1134577021
58 7805466812
57 45911605491
56 51049889856
55 2743922445
54 40171811274
53 9105982682
52 5511096188
51 26065903803
50 3295181050
49 14463870421
48 22265775504
47 12491441450
46 22606302836
45 27283620690
44 12479302044
43 20609984280
42 25619333880
41 25392681905
40 15707269200
39 27583494705
38 22172791608
37 6393283798
36 14158215216
35 5537529130
34 18275989230
33 9107640432
32 3444491808
31 13779245397
30 23377359180
29 10943411551
28 26415521468
27 11219074722
26 5695940770
25 17398518375
24 9564438144
23 12982075863
22 21605667138
21 12719006811
20 14380134540
19 7222554398
18 4005978282
17 101630318
16 1626085088
15 9391276215
14 5477866128
13 6212259209
12 2547110004
11 6018209890
10 182098480
9 1638886320
8 5111090504
7 777633283
6 4665799698
5 3328998350
4 1315993316
3 947979927
2 1895959854
895959847
